<?xml version="1.0" encoding="UTF-8"?>
<!-- Generated by org.testng.reporters.JUnitXMLReporter -->
<testsuite hostname="SandhyaK-PC" ignored="0" name="Test" tests="1" failures="1" timestamp="20 Jan 2018 10:27:23 GMT" time="0.064" errors="0">
  <testcase name="login" time="0.0" classname="testng.Parameterization">
    <failure type="org.testng.TestNGException" message="
Parameter &amp;apos;username&amp;apos; is required by @Test on method login but has not been marked @Optional or defined
in D:\work_java\JavaBasics\testng.xml">
      <![CDATA[org.testng.TestNGException: Parameter 'username' is required by @Test on method login but has not been marked @Optional or definedin D:\work_java\JavaBasics\testng.xml... Removed 24 stack frames]]>
    </failure>
  </testcase> <!-- login -->
</testsuite> <!-- Test -->
